Release 14.7 - ngc2edif P.20131013 (nt)
Copyright (c) 1995-2013 Xilinx, Inc.  All rights reserved.
Reading design CPU.ngc ...
WARNING:NetListWriters:298 - No output is written to CPU.xncf, ignored.
Processing design ...
   Preping design's networks ...
   Preping design's macros ...
WARNING:NetListWriters:306 - Signal bus id_imme<10 : 0> on block CPU is not
   reconstructed, because there are some missing bus signals.
WARNING:NetListWriters:306 - Signal bus module_id_exe/imme_extend_out<10 : 0> on
   block CPU is not reconstructed, because there are some missing bus signals.
  finished :Prep
Writing EDIF netlist file CPU.edif ...
ngc2edif: Total memory usage is 57704 kilobytes

Release 14.7 - ngc2edif P.20131013 (nt)
Copyright (c) 1995-2013 Xilinx, Inc.  All rights reserved.
Reading design CPU.ngc ...
WARNING:NetListWriters:298 - No output is written to CPU.xncf, ignored.
Processing design ...
   Preping design's networks ...
   Preping design's macros ...
WARNING:NetListWriters:306 - Signal bus id_imme<10 : 0> on block CPU is not
   reconstructed, because there are some missing bus signals.
WARNING:NetListWriters:306 - Signal bus module_id_exe/imme_extend_out<10 : 0> on
   block CPU is not reconstructed, because there are some missing bus signals.
  finished :Prep
Writing EDIF netlist file CPU.edif ...
ngc2edif: Total memory usage is 58088 kilobytes

Release 14.7 - ngc2edif P.20131013 (nt)
Copyright (c) 1995-2013 Xilinx, Inc.  All rights reserved.
Reading design CPU.ngc ...
WARNING:NetListWriters:298 - No output is written to CPU.xncf, ignored.
Processing design ...
   Preping design's networks ...
   Preping design's macros ...
WARNING:NetListWriters:306 - Signal bus id_imme<10 : 0> on block CPU is not
   reconstructed, because there are some missing bus signals.
WARNING:NetListWriters:306 - Signal bus module_id_exe/imme_extend_out<10 : 0> on
   block CPU is not reconstructed, because there are some missing bus signals.
  finished :Prep
Writing EDIF netlist file CPU.edif ...
ngc2edif: Total memory usage is 58152 kilobytes

Release 14.7 - ngc2edif P.20131013 (nt)
Copyright (c) 1995-2013 Xilinx, Inc.  All rights reserved.
Reading design CPU.ngc ...
WARNING:NetListWriters:298 - No output is written to CPU.xncf, ignored.
Processing design ...
   Preping design's networks ...
   Preping design's macros ...
WARNING:NetListWriters:306 - Signal bus module_alu/res_mux0004<15 : 1> on block
   CPU is not reconstructed, because there are some missing bus signals.
WARNING:NetListWriters:306 - Signal bus module_alu/res_mux0005<15 : 0> on block
   CPU is not reconstructed, because there are some missing bus signals.
  finished :Prep
Writing EDIF netlist file CPU.edif ...
ngc2edif: Total memory usage is 58728 kilobytes

Release 14.7 - ngc2edif P.20131013 (nt)
Copyright (c) 1995-2013 Xilinx, Inc.  All rights reserved.
Reading design CPU.ngc ...
WARNING:NetListWriters:298 - No output is written to CPU.xncf, ignored.
Processing design ...
   Preping design's networks ...
   Preping design's macros ...
WARNING:NetListWriters:306 - Signal bus module_alu/res_mux0004<15 : 1> on block
   CPU is not reconstructed, because there are some missing bus signals.
WARNING:NetListWriters:306 - Signal bus module_alu/res_mux0005<15 : 0> on block
   CPU is not reconstructed, because there are some missing bus signals.
  finished :Prep
Writing EDIF netlist file CPU.edif ...
ngc2edif: Total memory usage is 59176 kilobytes

