#-----------------------------------------------------------
# PlanAhead v14.7
# Build 321239 by xbuild on Fri Sep 27 19:31:35 MDT 2013
# Start of session at: Sun Nov 27 21:21:06 2016
# Process ID: 3868
# Log file: C:/project/CPU/planAhead_run_3/planAhead.log
# Journal file: C:/project/CPU/planAhead_run_3/planAhead.jou
#-----------------------------------------------------------
INFO: [Common 17-78] Attempting to get a license: PlanAhead
INFO: [Common 17-290] Got license for PlanAhead
INFO: [Device 21-36] Loading parts and site information from C:/xlinix/14.7/ISE_DS/PlanAhead/data/parts/arch.xml
Parsing RTL primitives file [C:/xlinix/14.7/ISE_DS/PlanAhead/data/parts/xilinx/rtl/prims/rtl_prims.xml]
Finished parsing RTL primitives file [C:/xlinix/14.7/ISE_DS/PlanAhead/data/parts/xilinx/rtl/prims/rtl_prims.xml]
start_gui
source C:/project/CPU/pa.fromNetlist.tcl
# create_project -name CPU -dir "C:/project/CPU/planAhead_run_3" -part xc3s1200efg320-4
# set_property design_mode GateLvl [get_property srcset [current_run -impl]]
# set_property edif_top_file "C:/project/CPU/CPU.ngc" [ get_property srcset [ current_run ] ]
# add_files -norecurse { {C:/project/CPU} }
# set_param project.pinAheadLayout  yes
# set_property target_constrs_file "CPU.ucf" [current_fileset -constrset]
Adding file 'C:/project/CPU/CPU.ucf' to fileset 'constrs_1'
# add_files [list {CPU.ucf}] -fileset [get_property constrset [current_run]]
# link_design
Design is defaulting to srcset: sources_1
Design is defaulting to constrset: constrs_1
Design is defaulting to project part: xc3s1200efg320-4
Release 14.7 - ngc2edif P.20131013 (nt)
Copyright (c) 1995-2013 Xilinx, Inc.  All rights reserved.

Release 14.7 - ngc2edif P.20131013 (nt)
Copyright (c) 1995-2013 Xilinx, Inc.  All rights reserved.
Reading design CPU.ngc ...
WARNING:NetListWriters:298 - No output is written to CPU.xncf, ignored.
Processing design ...
   Preping design's networks ...
   Preping design's macros ...
WARNING:NetListWriters:306 - Signal bus id_imme<10 : 0> on block CPU is not
   reconstructed, because there are some missing bus signals.
WARNING:NetListWriters:306 - Signal bus module_id_exe/imme_extend_out<10 : 0> on
   block CPU is not reconstructed, because there are some missing bus signals.
  finished :Prep
Writing EDIF netlist file CPU.edif ...
ngc2edif: Total memory usage is 58152 kilobytes

Parsing EDIF File [./planAhead_run_3/CPU.data/cache/CPU_ngc_zx.edif]
Finished Parsing EDIF File [./planAhead_run_3/CPU.data/cache/CPU_ngc_zx.edif]
INFO: [Designutils 20-910] Reading macro library C:/xlinix/14.7/ISE_DS/PlanAhead/data\./parts/xilinx/spartan3e/spartan3e/hd_int_macros.edn
Parsing EDIF File [C:/xlinix/14.7/ISE_DS/PlanAhead/data\./parts/xilinx/spartan3e/spartan3e/hd_int_macros.edn]
Finished Parsing EDIF File [C:/xlinix/14.7/ISE_DS/PlanAhead/data\./parts/xilinx/spartan3e/spartan3e/hd_int_macros.edn]
Loading clock regions from C:/xlinix/14.7/ISE_DS/PlanAhead/data\parts/xilinx/spartan3e/spartan3e/xc3s1200e/ClockRegion.xml
Loading clock buffers from C:/xlinix/14.7/ISE_DS/PlanAhead/data\parts/xilinx/spartan3e/spartan3e/xc3s1200e/ClockBuffers.xml
Loading package from C:/xlinix/14.7/ISE_DS/PlanAhead/data\parts/xilinx/spartan3e/spartan3e/xc3s1200e/fg320/Package.xml
Loading io standards from C:/xlinix/14.7/ISE_DS/PlanAhead/data\./parts/xilinx/spartan3e/IOStandards.xml
INFO: [Device 21-19] Loading pkg sso from C:/xlinix/14.7/ISE_DS/PlanAhead/data\parts/xilinx/spartan3e/spartan3e/xc3s1200e/fg320/SSORules.xml
Loading list of drcs for the architecture : C:/xlinix/14.7/ISE_DS/PlanAhead/data\./parts/xilinx/spartan3e/spartan3e/drc.xml
INFO: [Timing 38-77] Reading timing library C:/xlinix/14.7/ISE_DS/PlanAhead/data\parts/xilinx/spartan3e/spartan3e/spartan3e-4.lib.
INFO: [Timing 38-34] Done reading timing library C:/xlinix/14.7/ISE_DS/PlanAhead/data\parts/xilinx/spartan3e/spartan3e/spartan3e-4.lib.
Parsing UCF File [C:/project/CPU/CPU.ucf]
Finished Parsing UCF File [C:/project/CPU/CPU.ucf]
INFO: [Project 1-111] Unisim Transformation Summary:
No Unisim elements were transformed.

Phase 0 | Netlist Checksum: 6ea3a67a
link_design: Time (s): elapsed = 00:00:06 . Memory (MB): peak = 492.848 ; gain = 81.652
startgroup
set_property package_pin B9 [get_ports clk]
endgroup
save_constraints
exit
ERROR: [PlanAhead 12-106] *** Exception: ui.h.b: Found deleted key in HTclEventBroker. Verify if the classes listed here call cleanup()
HTclEvent: DEBUG_PORT_CONFIG_CHANGE   Classes: ui.views.aR 
HTclEvent: SIGNAL_MODIFY   Classes: ui.views.aR 
HTclEvent: SIGNAL_BUS_MODIFY   Classes: ui.views.aR 
HTclEvent: DEBUG_CORE_CONFIG_CHANGE   Classes: ui.views.aR 
 (See C:/project/CPU\planAhead_pid3868.debug)
ERROR: [Common 17-39] 'stop_gui' failed due to earlier errors.
INFO: [Common 17-206] Exiting PlanAhead at Sun Nov 27 21:21:36 2016...
INFO: [Common 17-83] Releasing license: PlanAhead
